[ 2019-03-04T21:51:58+08:00 ] 127.0.0.1 /%7B%7BPREFIX_FILE_HOST%20+%20home.image.imgSrc%7D%7D
ERR: 无法加载控制器:{{PREFIX_FILE_HOST + home.image.imgSrc}}

[ 2019-03-04T21:51:58+08:00 ] 127.0.0.1 /Uploads/
ERR: 无法加载控制器:403

[ 2019-03-04T21:52:12+08:00 ] 127.0.0.1 /favicon.ico
ERR: 无法加载控制器:Favicon.ico

[ 2019-03-04T21:52:19+08:00 ] 127.0.0.1 /admin
ERR: 无法加载控制器:Admin

[ 2019-03-04T21:52:29+08:00 ] 127.0.0.1 /assets/admin/logo.png
ERR: 无法加载控制器:Assets

[ 2019-03-04T21:58:57+08:00 ] 127.0.0.1 /%7B%7BPREFIX_FILE_HOST%20+%20home.image.imgSrc%7D%7D
ERR: 无法加载控制器:{{PREFIX_FILE_HOST + home.image.imgSrc}}

[ 2019-03-04T21:58:57+08:00 ] 127.0.0.1 /Uploads/
ERR: 无法加载控制器:403

[ 2019-03-04T22:01:24+08:00 ] 127.0.0.1 /%7B%7BPREFIX_FILE_HOST%20+%20home.image.imgSrc%7D%7D
ERR: 无法加载控制器:{{PREFIX_FILE_HOST + home.image.imgSrc}}

[ 2019-03-04T22:01:24+08:00 ] 127.0.0.1 /Uploads/
ERR: 无法加载控制器:403

[ 2019-03-04T22:01:38+08:00 ] 127.0.0.1 /Uploads/
ERR: 无法加载控制器:403

[ 2019-03-04T22:01:38+08:00 ] 127.0.0.1 /%7B%7BPREFIX_FILE_HOST%20+%20home.image.imgSrc%7D%7D
ERR: 无法加载控制器:{{PREFIX_FILE_HOST + home.image.imgSrc}}

[ 2019-03-04T22:03:10+08:00 ] 127.0.0.1 /Uploads/syspic/picnew/yq0KZVaAmAKAIUOYAAApbd4VL2U886.png
ERR: 无法加载控制器:Uploads

[ 2019-03-04T22:03:10+08:00 ] 127.0.0.1 /Uploads/syspic/picnew/yq0KZVaAl_6ABINAAACO3QgazF0414.png
ERR: 无法加载控制器:Uploads

[ 2019-03-04T22:03:10+08:00 ] 127.0.0.1 /Uploads/syspic/picnew/yq0KXVZrrveAT_axAAB-ZcWTRpk295.png
ERR: 无法加载控制器:Uploads

[ 2019-03-04T22:03:10+08:00 ] 127.0.0.1 /Uploads/syspic/picnew/yq0KZVaAl_6AQvHNAAA1NNPSzQ0096.png
ERR: 无法加载控制器:Uploads

[ 2019-03-04T22:03:10+08:00 ] 127.0.0.1 /Uploads/syspic/picnew/yq0KZVaAl_6AHonzAACj_Gxyhck427.png
ERR: 无法加载控制器:Uploads

[ 2019-03-04T22:03:10+08:00 ] 127.0.0.1 /Uploads/syspic/picnew/yq0KZVaAmACAFK2PAACOI8xJ1ac314.png
ERR: 无法加载控制器:Uploads

[ 2019-03-04T22:03:10+08:00 ] 127.0.0.1 /Uploads/syspic/picnew/yq0KZVaB7MCANI6WAABA9ux0AvU766.png
ERR: 无法加载控制器:Uploads

[ 2019-03-04T22:03:10+08:00 ] 127.0.0.1 /Uploads/syspic/picnew/yq0KZVaAmASAYy7KAABHRWurHps103.png
ERR: 无法加载控制器:Uploads

[ 2019-03-04T22:03:10+08:00 ] 127.0.0.1 /Uploads/syspic/picnew/yq0KZFaB7M2Ad1VxAABtQpDKCvc382.png
ERR: 无法加载控制器:Uploads

[ 2019-03-04T22:03:10+08:00 ] 127.0.0.1 /Uploads/syspic/picnew/yq0KZVaAmAOALwiRAAAk52B5O10579.png
ERR: 无法加载控制器:Uploads

[ 2019-03-04T22:03:10+08:00 ] 127.0.0.1 /Uploads/syspic/picnew/yq0KXFajKYeAbTcJAACPMPhTHQs887.png
ERR: 无法加载控制器:Uploads

[ 2019-03-04T22:03:10+08:00 ] 127.0.0.1 /Uploads/syspic/picnew/yq0KXFajKYmAW0I3AACr_fMU-0Q452.png
ERR: 无法加载控制器:Uploads

[ 2019-03-04T22:03:10+08:00 ] 127.0.0.1 /Uploads/syspic/picnew/yq0KZVaB7MSAV3oRAABe5vaBtHA560.png
ERR: 无法加载控制器:Uploads

[ 2019-03-04T22:03:10+08:00 ] 127.0.0.1 /Uploads/syspic/picnew/yq0KXFajKYiAeXXZAACn2plhGDo092.png
ERR: 无法加载控制器:Uploads

[ 2019-03-04T22:03:10+08:00 ] 127.0.0.1 /Uploads/syspic/picnew/yq0KZFaB7NSASZvkAABGSFM7q6E579.png
ERR: 无法加载控制器:Uploads

[ 2019-03-04T22:03:10+08:00 ] 127.0.0.1 /Uploads/syspic/picnew/yq0KXVajKI-AT3kPAACbZEVWsbo560.png
ERR: 无法加载控制器:Uploads

[ 2019-03-04T22:03:10+08:00 ] 127.0.0.1 /Uploads/syspic/picnew/yq0KXVajKI-AdBSTAACWt3AaVCo806.png
ERR: 无法加载控制器:Uploads

[ 2019-03-04T22:03:10+08:00 ] 127.0.0.1 /Uploads/syspic/picnew/yq0KXVajKJCAAbwaAACRop7XVEY304.png
ERR: 无法加载控制器:Uploads

[ 2019-03-04T22:06:15+08:00 ] 127.0.0.1 /index.php?c=Cj70&a=index&cs=CWGCCCA&scenetypeB=101&scenetypeS=20&isMusicToSys=0
ERR: resp = json_decode($da返回array (
  'success' => true,
  'map' => NULL,
  'code' => 200,
  'msg' => '操作成功',
  'obj' => 
  array (
    'id' => 1451110,
    'price' => 0,
    'isBuy' => false,
    'storeid' => 0,
    'name' => '穹顶之下，出大事啦！',
    'createUser' => '系统案例帐号',
    'createTime' => 1442286308,
    'type' => 1,
    'pageMode' => 11,
    'image' => 
    array (
      'imgSrc' => 'cloudapppic/2015/9/15/6b0dcba6c1e63e7f.jpg',
      'isAdvancedUser' => false,
      'bgAudio' => 
      array (
        'type' => '2',
        'url' => 'cloudappmp3/2015/9/15/9fb08a5b722f8ab0.mp3',
      ),
    ),
    'isTpl' => 0,
    'isPromotion' => 0,
    'status' => 1,
    'openLimit' => 0,
    'submitLimit' => 0,
    'startDate' => 1442280212,
    'endDate' => 1473902612,
    'accessCode' => '2',
    'thirdCode' => NULL,
    'updateTime' => 1442286308,
    'publishTime' => 1442280212,
    'applyTemplate' => 0,
    'applyPromotion' => 0,
    'sourceId' => 1449419,
    'code' => 'http://qr.liantu.com/api.php?text=http://m.搜虎精品社区www.souho.net提供最新版仿易企秀源码//w/CWGCCCA',
    'description' => '穹顶之下，出大事啦！空气净化器新国标！碧水蓝天——9月奇迹！',
    'sort' => 0,
    'pageCount' => 0,
    'dataCount' => 0,
    'showCount' => 0,
    'userLoginName' => 'systemanli',
    'userName' => '系统案例帐号',
    'CopyOpenClose' => 0,
    'property' => 
    array (
      'autoFlip' => true,
      'autoFlipTime' => 3,
    ),
    'uncopyJson' => 
    array (
    ),
  ),
  'list' => 
  array (
    0 => 
    array (
      'id' => 10817608,
      'sceneId' => 1451110,
      'num' => 1,
      'name' => '第1页',
      'properties' => 
      array (
      ),
      'elements' => 
      array (
        0 => 
        array (
          'id' => 55501972,
          'pageId' => 10817608,
          'sceneId' => 1451110,
          'StoreID' => 0,
          'num' => 1,
          'type' => '4',
          'isInput' => 0,
          'title' => '',
          'content' => '',
          'status' => 0,
          'css' => 
          array (
            'zIndex' => '2',
            'height' => '486',
            'width' => '308.57142857142856',
            'left' => '5.296875px',
            'top' => '0px',
          ),
          'properties' => 
          array (
            'height' => '100px',
            'width' => '100px',
            'src' => 'cloudapppic/2015/9/15/0c4de4ef6b2c2fb5.png',
            'anim' => 
            array (
              0 => 
              array (
                'type' => 8,
                'direction' => 0,
                'duration' => 2,
                'delay' => '0',
                'countNum' => 1,
              ),
            ),
            'imgStyle' => 
            array (
              'width' => 309,
              'height' => 486,
              'marginTop' => '0',
              'marginLeft' => '0',
            ),
            'autoPlay' => false,
          ),
        ),
        1 => 
        array (
          'id' => 55501973,
          'pageId' => 10817608,
          'sceneId' => 1451110,
          'StoreID' => 0,
          'num' => 1,
          'type' => '4',
          'isInput' => 0,
          'title' => '',
          'content' => '',
          'status' => 0,
          'css' => 
          array (
            'zIndex' => '1',
            'height' => '486',
            'width' => '308.57142857142856',
            'left' => '5.296875px',
            'top' => '0px',
          ),
          'properties' => 
          array (
            'height' => '100px',
            'width' => '100px',
            'src' => 'cloudapppic/2015/9/15/87f7691ab829389b.png',
            'anim' => 
            array (
              0 => 
              array (
                'type' => 4,
                'direction' => 0,
                'duration' => 2,
                'delay' => '0',
                'countNum' => 1,
              ),
            ),
            'imgStyle' => 
            array (
              'width' => 309,
              'height' => 486,
              'marginTop' => '0',
              'marginLeft' => '0',
            ),
            'autoPlay' => false,
          ),
        ),
        2 => 
        array (
          'id' => 55501974,
          'pageId' => 10817608,
          'sceneId' => 1451110,
          'StoreID' => 0,
          'num' => 0,
          'type' => '3',
          'isInput' => 0,
          'title' => '',
          'content' => '',
          'status' => 0,
          'css' => 
          array (
            'zIndex' => '3',
          ),
          'properties' => 
          array (
            'imgSrc' => 'cloudapppic/2015/9/15/4088fe733399c988.png',
            'autoPlay' => false,
          ),
        ),
      ),
      'scene' => NULL,
    ),
    1 => 
    array (
      'id' => 10817609,
      'sceneId' => 1451110,
      'num' => 2,
      'name' => '第2页',
      'properties' => 
      array (
      ),
      'elements' => 
      array (
        0 => 
        array (
          'id' => 55501975,
          'pageId' => 10817609,
          'sceneId' => 1451110,
          'StoreID' => 0,
          'num' => 1,
          'type' => '4',
          'isInput' => 0,
          'title' => '',
          'content' => '',
          'status' => 0,
          'css' => 
          array (
            'zIndex' => '2',
            'height' => '486',
            'width' => '308.57142857142856',
            'left' => '5.59375px',
            'top' => '0px',
          ),
          'properties' => 
          array (
            'height' => '100px',
            'width' => '100px',
            'src' => 'cloudapppic/2015/9/15/7040dfd1e4ee516f.png',
            'url' => 'http://www.搜虎精品社区www.souho.net提供最新版仿易企秀源码/eqs/link?id=1449419&url=http%3A%2F%2Fwww.tmall.com%2Fwow%2Fact%2F14619%2Fbslt%3Fspm%3D0.0.0.0.9wbuae',
            'anim' => 
            array (
              0 => 
              array (
                'type' => 4,
                'direction' => 0,
                'duration' => 2,
                'delay' => '0',
                'countNum' => 1,
              ),
            ),
            'imgStyle' => 
            array (
              'width' => 308,
              'height' => 486,
              'marginTop' => '0px',
              'marginLeft' => '-0.5px',
            ),
            'autoPlay' => false,
          ),
        ),
        1 => 
        array (
          'id' => 55501976,
          'pageId' => 10817609,
          'sceneId' => 1451110,
          'StoreID' => 0,
          'num' => 1,
          'type' => '4',
          'isInput' => 0,
          'title' => '',
          'content' => '',
          'status' => 0,
          'css' => 
          array (
            'zIndex' => '1',
            'height' => '486',
            'width' => '308.57142857142856',
            'left' => '5.296875px',
            'top' => '0px',
          ),
          'properties' => 
          array (
            'height' => '100px',
            'width' => '100px',
            'src' => 'cloudapppic/2015/9/15/45a014a1f597cf51.png',
            'url' => 'http://www.搜虎精品社区www.souho.net提供最新版仿易企秀源码/eqs/link?id=1449419&url=http%3A%2F%2Fwww.tmall.com%2Fwow%2Fact%2F14619%2Fbslt%3Fspm%3D0.0.0.0.9wbuae',
            'anim' => 
            array (
              0 => 
              array (
                'type' => 13,
                'direction' => 0,
                'duration' => 2,
                'delay' => '0',
                'countNum' => 1,
              ),
            ),
            'imgStyle' => 
            array (
              'width' => 309,
              'height' => 486,
              'marginTop' => '0',
              'marginLeft' => '0',
            ),
            'autoPlay' => false,
          ),
        ),
        2 => 
        array (
          'id' => 55501977,
          'pageId' => 10817609,
          'sceneId' => 1451110,
          'StoreID' => 0,
          'num' => 0,
          'type' => '3',
          'isInput' => 0,
          'title' => '',
          'content' => '',
          'status' => 0,
          'css' => 
          array (
            'zIndex' => '3',
          ),
          'properties' => 
          array (
            'imgSrc' => 'cloudapppic/2015/9/15/b4b52c22e224e927.png',
            'autoPlay' => false,
          ),
        ),
      ),
      'scene' => NULL,
    ),
    2 => 
    array (
      'id' => 10817610,
      'sceneId' => 1451110,
      'num' => 3,
      'name' => '第3页',
      'properties' => 
      array (
      ),
      'elements' => 
      array (
        0 => 
        array (
          'id' => 55501978,
          'pageId' => 10817610,
          'sceneId' => 1451110,
          'StoreID' => 0,
          'num' => 1,
          'type' => '4',
          'isInput' => 0,
          'title' => '',
          'content' => '',
          'status' => 0,
          'css' => 
          array (
            'zIndex' => '3',
            'height' => '486',
            'width' => '308.57142857142856',
            'left' => '5.296875px',
            'top' => '0px',
          ),
          'properties' => 
          array (
            'height' => '100px',
            'width' => '100px',
            'src' => 'cloudapppic/2015/9/15/48d0a814096eb9ac.png',
            'anim' => 
            array (
              0 => 
              array (
                'type' => 1,
                'direction' => 0,
                'duration' => 2,
                'delay' => '0',
                'countNum' => 1,
              ),
            ),
            'imgStyle' => 
            array (
              'width' => 309,
              'height' => 486,
              'marginTop' => '0',
              'marginLeft' => '0',
            ),
            'autoPlay' => false,
          ),
        ),
        1 => 
        array (
          'id' => 55501979,
          'pageId' => 10817610,
          'sceneId' => 1451110,
          'StoreID' => 0,
          'num' => 1,
          'type' => '4',
          'isInput' => 0,
          'title' => '',
          'content' => '',
          'status' => 0,
          'css' => 
          array (
            'zIndex' => '4',
            'height' => '486',
            'width' => '308.57142857142856',
            'left' => '5.09375px',
            'top' => '0px',
          ),
          'properties' => 
          array (
            'height' => '100px',
            'width' => '100px',
            'src' => 'cloudapppic/2015/9/15/ab60bd6e94ef29ce.png',
            'anim' => 
            array (
              0 => 
              array (
                'type' => 2,
                'direction' => 3,
                'duration' => 2,
                'delay' => '0',
                'countNum' => 1,
              ),
            ),
            'imgStyle' => 
            array (
              'width' => 309,
              'height' => 486,
              'marginTop' => '-0.5px',
              'marginLeft' => '0px',
            ),
            'autoPlay' => false,
          ),
        ),
        2 => 
        array (
          'id' => 55501980,
          'pageId' => 10817610,
          'sceneId' => 1451110,
          'StoreID' => 0,
          'num' => 1,
          'type' => '4',
          'isInput' => 0,
          'title' => '',
          'content' => '',
          'status' => 0,
          'css' => 
          array (
            'zIndex' => '2',
            'height' => '486',
            'width' => '308.57142857142856',
            'left' => '4.59375px',
            'top' => '0px',
          ),
          'properties' => 
          array (
            'height' => '100px',
            'width' => '100px',
            'src' => 'cloudapppic/2015/9/15/93d9c7a863ce07c2.png',
            'url' => 'http://www.搜虎精品社区www.souho.net提供最新版仿易企秀源码/eqs/link?id=1449419&url=http%3A%2F%2Fwww.tmall.com%2Fwow%2Fact%2F14619%2Fbslt%3Fspm%3D0.0.0.0.9wbuae',
            'anim' => 
            array (
              0 => 
              array (
                'type' => 2,
                'direction' => 1,
                'duration' => 2,
                'delay' => '0',
                'countNum' => 1,
              ),
            ),
            'imgStyle' => 
            array (
              'width' => 309,
              'height' => 486,
              'marginTop' => '0',
              'marginLeft' => '0',
            ),
            'autoPlay' => false,
          ),
        ),
        3 => 
        array (
          'id' => 55501981,
          'pageId' => 10817610,
          'sceneId' => 1451110,
          'StoreID' => 0,
          'num' => 0,
          'type' => '3',
          'isInput' => 0,
          'title' => '',
          'content' => '',
          'status' => 0,
          'css' => 
          array (
            'zIndex' => '1',
          ),
          'properties' => 
          array (
            'imgSrc' => 'cloudapppic/2015/9/15/6c693e1753021de1.png',
            'autoPlay' => false,
          ),
        ),
      ),
      'scene' => NULL,
    ),
    3 => 
    array (
      'id' => 10817611,
      'sceneId' => 1451110,
      'num' => 4,
      'name' => '第4页',
      'properties' => 
      array (
      ),
      'elements' => 
      array (
        0 => 
        array (
          'id' => 55501982,
          'pageId' => 10817611,
          'sceneId' => 1451110,
          'StoreID' => 0,
          'num' => 1,
          'type' => '4',
          'isInput' => 0,
          'title' => '',
          'content' => '',
          'status' => 0,
          'css' => 
          array (
            'zIndex' => '1',
            'height' => '486',
            'width' => '308.57142857142856',
            'left' => '5.09375px',
            'top' => '0px',
          ),
          'properties' => 
          array (
            'height' => '100px',
            'width' => '100px',
            'src' => 'cloudapppic/2015/9/15/b8054da1f769d88d.png',
            'anim' => 
            array (
              0 => 
              array (
                'type' => 1,
                'direction' => 0,
                'duration' => 2,
                'delay' => '0',
                'countNum' => 1,
              ),
            ),
            'imgStyle' => 
            array (
              'width' => 309,
              'height' => 486,
              'marginTop' => '0',
              'marginLeft' => '0',
            ),
            'autoPlay' => false,
          ),
        ),
        1 => 
        array (
          'id' => 55501983,
          'pageId' => 10817611,
          'sceneId' => 1451110,
          'StoreID' => 0,
          'num' => 1,
          'type' => '4',
          'isInput' => 0,
          'title' => '',
          'content' => '',
          'status' => 0,
          'css' => 
          array (
            'zIndex' => '2',
            'height' => '486',
            'width' => '308.57142857142856',
            'left' => '5.296875px',
            'top' => '0px',
          ),
          'properties' => 
          array (
            'height' => '100px',
            'width' => '100px',
            'src' => 'cloudapppic/2015/9/15/647821c8030c3b73.png',
            'anim' => 
            array (
              0 => 
              array (
                'type' => 20,
                'direction' => 0,
                'duration' => 2,
                'delay' => '0',
                'countNum' => 1,
              ),
            ),
            'imgStyle' => 
            array (
              'width' => 309,
              'height' => 486,
              'marginTop' => '0',
              'marginLeft' => '0',
            ),
            'autoPlay' => false,
          ),
        ),
        2 => 
        array (
          'id' => 55501984,
          'pageId' => 10817611,
          'sceneId' => 1451110,
          'StoreID' => 0,
          'num' => 0,
          'type' => '3',
          'isInput' => 0,
          'title' => '',
          'content' => '',
          'status' => 0,
          'css' => 
          array (
            'zIndex' => '3',
          ),
          'properties' => 
          array (
            'imgSrc' => 'cloudapppic/2015/9/15/6c693e1753021de1.png',
            'autoPlay' => false,
          ),
        ),
      ),
      'scene' => NULL,
    ),
    4 => 
    array (
      'id' => 10817612,
      'sceneId' => 1451110,
      'num' => 5,
      'name' => '第5页',
      'properties' => 
      array (
      ),
      'elements' => 
      array (
        0 => 
        array (
          'id' => 55501985,
          'pageId' => 10817612,
          'sceneId' => 1451110,
          'StoreID' => 0,
          'num' => 1,
          'type' => '4',
          'isInput' => 0,
          'title' => '',
          'content' => '',
          'status' => 0,
          'css' => 
          array (
            'zIndex' => '2',
            'height' => '486',
            'width' => '308.57142857142856',
            'left' => '4.296875px',
            'top' => '0px',
          ),
          'properties' => 
          array (
            'height' => '100px',
            'width' => '100px',
            'src' => 'cloudapppic/2015/9/15/09cb9c446746ea31.png',
            'anim' => 
            array (
              0 => 
              array (
                'type' => 2,
                'direction' => 2,
                'duration' => 2,
                'delay' => '0',
                'countNum' => 1,
              ),
            ),
            'imgStyle' => 
            array (
              'width' => 309,
              'height' => 486,
              'marginTop' => '0',
              'marginLeft' => '0',
            ),
            'autoPlay' => false,
          ),
        ),
        1 => 
        array (
          'id' => 55501986,
          'pageId' => 10817612,
          'sceneId' => 1451110,
          'StoreID' => 0,
          'num' => 1,
          'type' => '4',
          'isInput' => 0,
          'title' => '',
          'content' => '',
          'status' => 0,
          'css' => 
          array (
            'zIndex' => '3',
            'height' => '486',
            'width' => '308.57142857142856',
            'left' => '5px',
            'top' => '0px',
          ),
          'properties' => 
          array (
            'height' => '100px',
            'width' => '100px',
            'src' => 'cloudapppic/2015/9/15/3ccb46040e69c0f0.png',
            'anim' => 
            array (
              0 => 
              array (
                'type' => 2,
                'direction' => 0,
                'duration' => 2,
                'delay' => '0',
                'countNum' => 1,
              ),
            ),
            'imgStyle' => 
            array (
              'width' => 309,
              'height' => 486,
              'marginTop' => '0',
              'marginLeft' => '0',
            ),
            'autoPlay' => false,
          ),
        ),
        2 => 
        array (
          'id' => 55501987,
          'pageId' => 10817612,
          'sceneId' => 1451110,
          'StoreID' => 0,
          'num' => 1,
          'type' => '4',
          'isInput' => 0,
          'title' => '',
          'content' => '',
          'status' => 0,
          'css' => 
          array (
            'zIndex' => '1',
            'height' => '486',
            'width' => '308.57142857142856',
            'left' => '5.203125px',
            'top' => '0px',
          ),
          'properties' => 
          array (
            'height' => '100px',
            'width' => '100px',
            'src' => 'cloudapppic/2015/9/15/401133afdea47dd7.png',
            'url' => 'http://www.搜虎精品社区www.souho.net提供最新版仿易企秀源码/eqs/link?id=1449419&url=http%3A%2F%2Fwww.tmall.com%2Fwow%2Fact%2F14619%2Fbslt%3Fspm%3D0.0.0.0.9wbuae',
            'anim' => 
            array (
              0 => 
              array (
                'type' => 5,
                'direction' => 0,
                'duration' => 2,
                'delay' => '0',
                'countNum' => 1,
              ),
            ),
            'imgStyle' => 
            array (
              'width' => 309,
              'height' => 486,
              'marginTop' => '0',
              'marginLeft' => '0',
            ),
            'autoPlay' => false,
          ),
        ),
        3 => 
        array (
          'id' => 55501988,
          'pageId' => 10817612,
          'sceneId' => 1451110,
          'StoreID' => 0,
          'num' => 0,
          'type' => '3',
          'isInput' => 0,
          'title' => '',
          'content' => '',
          'status' => 0,
          'css' => 
          array (
            'zIndex' => '4',
          ),
          'properties' => 
          array (
            'imgSrc' => 'cloudapppic/2015/9/15/6c693e1753021de1.png',
            'autoPlay' => false,
          ),
        ),
      ),
      'scene' => NULL,
    ),
    5 => 
    array (
      'id' => 10817613,
      'sceneId' => 1451110,
      'num' => 6,
      'name' => '第6页',
      'properties' => 
      array (
      ),
      'elements' => 
      array (
        0 => 
        array (
          'id' => 55501989,
          'pageId' => 10817613,
          'sceneId' => 1451110,
          'StoreID' => 0,
          'num' => 1,
          'type' => '4',
          'isInput' => 0,
          'title' => '',
          'content' => '',
          'status' => 0,
          'css' => 
          array (
            'zIndex' => '1',
            'height' => '486',
            'width' => '308.57142857142856',
            'left' => '4.703125px',
            'top' => '0px',
          ),
          'properties' => 
          array (
            'height' => '100px',
            'width' => '100px',
            'src' => 'cloudapppic/2015/9/15/bad1973f2f38b2d9.png',
            'url' => 'http://www.搜虎精品社区www.souho.net提供最新版仿易企秀源码/eqs/link?id=1449419&url=http%3A%2F%2Fwww.tmall.com%2Fwow%2Fact%2F14619%2Fbslt%3Fspm%3D0.0.0.0.9wbuae',
            'anim' => 
            array (
              0 => 
              array (
                'type' => 1,
                'direction' => 1,
                'duration' => 2,
                'delay' => '0',
                'countNum' => 1,
              ),
            ),
            'imgStyle' => 
            array (
              'width' => 309,
              'height' => 486,
              'marginTop' => '0',
              'marginLeft' => '0',
            ),
            'autoPlay' => false,
          ),
        ),
        1 => 
        array (
          'id' => 55501990,
          'pageId' => 10817613,
          'sceneId' => 1451110,
          'StoreID' => 0,
          'num' => 1,
          'type' => '4',
          'isInput' => 0,
          'title' => '',
          'content' => '',
          'status' => 0,
          'css' => 
          array (
            'zIndex' => '2',
            'height' => '486',
            'width' => '308.57142857142856',
            'left' => '5.296875px',
            'top' => '0px',
          ),
          'properties' => 
          array (
            'height' => '100px',
            'width' => '100px',
            'src' => 'cloudapppic/2015/9/15/7040dfd1e4ee516f.png',
            'url' => 'http://www.搜虎精品社区www.souho.net提供最新版仿易企秀源码/eqs/link?id=1449419&url=http%3A%2F%2Fwww.tmall.com%2Fwow%2Fact%2F14619%2Fbslt%3Fspm%3D0.0.0.0.9wbuae',
            'anim' => 
            array (
              0 => 
              array (
                'type' => 13,
                'direction' => 0,
                'duration' => 2,
                'delay' => '0',
                'countNum' => 1,
              ),
            ),
            'imgStyle' => 
            array (
              'width' => 309,
              'height' => 486,
              'marginTop' => '-0.5px',
              'marginLeft' => '0px',
            ),
            'autoPlay' => false,
          ),
        ),
        2 => 
        array (
          'id' => 55501991,
          'pageId' => 10817613,
          'sceneId' => 1451110,
          'StoreID' => 0,
          'num' => 0,
          'type' => '3',
          'isInput' => 0,
          'title' => '',
          'content' => '',
          'status' => 0,
          'css' => 
          array (
            'zIndex' => '3',
          ),
          'properties' => 
          array (
            'imgSrc' => 'cloudapppic/2015/9/15/21d0d434a302bbe5.png',
            'autoPlay' => false,
          ),
        ),
      ),
      'scene' => NULL,
    ),
  ),
)
 url:http://www.70c.com/As/getAs?sceneid=1451110&objID=&p=0&parameter=CWGCCCA -----------

[ 2019-03-04T22:06:17+08:00 ] 127.0.0.1 /index.php?c=Cj70&a=index&cs=CWGCCCA&scenetypeB=101&scenetypeS=20&isMusicToSys=0
ERR: 已存在的图片地址：http://res.70c.com/cloudapppic/2015/9/15/6c693e1753021de1.png

[ 2019-03-04T22:06:17+08:00 ] 127.0.0.1 /index.php?c=Cj70&a=index&cs=CWGCCCA&scenetypeB=101&scenetypeS=20&isMusicToSys=0
ERR: 已存在的图片地址：http://res.70c.com/cloudapppic/2015/9/15/6c693e1753021de1.png

[ 2019-03-04T22:06:17+08:00 ] 127.0.0.1 /index.php?c=Cj70&a=index&cs=CWGCCCA&scenetypeB=101&scenetypeS=20&isMusicToSys=0
ERR: 已存在的图片地址：http://res.70c.com/cloudapppic/2015/9/15/7040dfd1e4ee516f.png

[ 2019-03-04T22:06:18+08:00 ] 127.0.0.1 /index.php?c=Cj70&a=index&cs=CWGCCCA&scenetypeB=101&scenetypeS=20&isMusicToSys=0
ERR: 已存在的图片地址：http://res.70c.com/cloudapppic/2015/9/15/6b0dcba6c1e63e7f.jpg

[ 2019-03-04T22:06:24+08:00 ] 127.0.0.1 /d.js?pid=2&v=1
ERR: 无法加载控制器:D.js

[ 2019-03-04T22:06:24+08:00 ] 127.0.0.1 /r.js?pid=3&v=1
ERR: 无法加载控制器:R.js

[ 2019-03-04T22:14:12+08:00 ] 127.0.0.1 /index.php?c=Cj70&a=index&cs=CZAZWZQ&scenetypeB=101&scenetypeS=20&isMusicToSys=1
ERR: resp = json_decode($da返回array (
  'success' => true,
  'map' => NULL,
  'code' => 200,
  'msg' => '操作成功',
  'obj' => 
  array (
    'id' => 1303437,
    'price' => 0,
    'isBuy' => false,
    'storeid' => 0,
    'name' => '苏荷酒吧',
    'createUser' => '系统案例帐号',
    'createTime' => 1440034271,
    'type' => 1,
    'pageMode' => 0,
    'image' => 
    array (
      'imgSrc' => 'cloudapppic/2015/5/21/59662761a729fc28.jpg',
      'isAdvancedUser' => false,
      'bgAudio' => 
      array (
        'type' => '2',
        'url' => 'cloudappmp3/2015/5/28/d580c624c200bfe3.mp3',
      ),
    ),
    'isTpl' => 0,
    'isPromotion' => 0,
    'status' => 1,
    'openLimit' => 0,
    'submitLimit' => 0,
    'startDate' => 1432171633,
    'endDate' => 1463794033,
    'accessCode' => '2',
    'thirdCode' => NULL,
    'updateTime' => 1440034271,
    'publishTime' => 1432171633,
    'applyTemplate' => 0,
    'applyPromotion' => 0,
    'sourceId' => 759615,
    'code' => 'http://qr.liantu.com/api.php?text=http://m.搜虎精品社区www.souho.net提供最新版仿易企秀源码//w/CZAZWZQ',
    'description' => '苏荷酒吧',
    'sort' => 0,
    'pageCount' => 0,
    'dataCount' => 0,
    'showCount' => 0,
    'userLoginName' => 'systemanli',
    'userName' => '系统案例帐号',
    'CopyOpenClose' => 0,
    'property' => 
    array (
    ),
    'uncopyJson' => 
    array (
    ),
  ),
  'list' => 
  array (
    0 => 
    array (
      'id' => 9960361,
      'sceneId' => 1303437,
      'num' => 1,
      'name' => '第2页',
      'properties' => 
      array (
      ),
      'elements' => 
      array (
        0 => 
        array (
          'id' => 48664405,
          'pageId' => 9960361,
          'sceneId' => 1303437,
          'StoreID' => 0,
          'num' => 0,
          'type' => '3',
          'isInput' => 0,
          'title' => '',
          'content' => '',
          'status' => 0,
          'css' => 
          array (
            'zIndex' => '2',
          ),
          'properties' => 
          array (
            'imgSrc' => 'cloudapppic/2015/5/27/4ef837b28afe77e9.jpg',
            'autoPlay' => false,
          ),
        ),
        1 => 
        array (
          'id' => 48664406,
          'pageId' => 9960361,
          'sceneId' => 1303437,
          'StoreID' => 0,
          'num' => 1,
          'type' => '4',
          'isInput' => 0,
          'title' => '',
          'content' => '',
          'status' => 0,
          'css' => 
          array (
            'zIndex' => '1',
            'height' => '486',
            'width' => '320',
            'left' => '0px',
            'top' => '0px',
          ),
          'properties' => 
          array (
            'height' => '486',
            'width' => '320',
            'src' => 'cloudapppic/2015/5/27/a351e8b6e1e274ea.png',
            'anim' => 
            array (
              0 => 
              array (
                'type' => 3,
                'direction' => 0,
                'duration' => 2,
                'delay' => '1',
                'countNum' => 1,
              ),
              1 => 
              array (
                'type' => 6,
                'direction' => 0,
                'duration' => 2,
                'delay' => '0.1',
                'count' => false,
                'countNum' => 3,
              ),
            ),
            'imgStyle' => 
            array (
              'width' => 320,
              'height' => 504,
              'marginTop' => '-9px',
              'marginLeft' => '0px',
            ),
            'autoPlay' => false,
          ),
        ),
      ),
      'scene' => NULL,
    ),
    1 => 
    array (
      'id' => 9960362,
      'sceneId' => 1303437,
      'num' => 2,
      'name' => '第2页',
      'properties' => 
      array (
      ),
      'elements' => 
      array (
        0 => 
        array (
          'id' => 48664407,
          'pageId' => 9960362,
          'sceneId' => 1303437,
          'StoreID' => 0,
          'num' => 0,
          'type' => '3',
          'isInput' => 0,
          'title' => '',
          'content' => '',
          'status' => 0,
          'css' => 
          array (
            'zIndex' => '3',
          ),
          'properties' => 
          array (
            'imgSrc' => 'cloudapppic/2015/5/27/0bb3b0a56cee70ec.jpg',
            'autoPlay' => false,
          ),
        ),
        1 => 
        array (
          'id' => 48664408,
          'pageId' => 9960362,
          'sceneId' => 1303437,
          'StoreID' => 0,
          'num' => 1,
          'type' => '4',
          'isInput' => 0,
          'title' => '',
          'content' => '',
          'status' => 0,
          'css' => 
          array (
            'zIndex' => '2',
            'height' => '486',
            'width' => '320',
            'left' => '0px',
            'top' => '0px',
          ),
          'properties' => 
          array (
            'height' => '486',
            'width' => '320',
            'src' => 'cloudapppic/2015/5/27/f80f99fe5fab4a9d.png',
            'anim' => 
            array (
              0 => 
              array (
                'type' => 3,
                'direction' => 0,
                'duration' => 2,
                'delay' => '0.7',
                'countNum' => 1,
              ),
              1 => 
              array (
                'type' => 5,
                'direction' => 0,
                'duration' => 2,
                'delay' => '0.2',
                'countNum' => 1,
              ),
            ),
            'imgStyle' => 
            array (
              'width' => 320,
              'height' => 500,
              'marginTop' => '-7px',
              'marginLeft' => '0px',
            ),
            'autoPlay' => false,
          ),
        ),
        2 => 
        array (
          'id' => 48664409,
          'pageId' => 9960362,
          'sceneId' => 1303437,
          'StoreID' => 0,
          'num' => 1,
          'type' => '4',
          'isInput' => 0,
          'title' => '',
          'content' => '',
          'status' => 0,
          'css' => 
          array (
            'zIndex' => '1',
            'height' => '486',
            'width' => '320',
            'left' => '0px',
            'top' => '0px',
          ),
          'properties' => 
          array (
            'height' => '486',
            'width' => '320',
            'src' => 'cloudapppic/2015/5/27/17f0857055e7c59c.png',
            'anim' => 
            array (
              0 => 
              array (
                'type' => 2,
                'direction' => 2,
                'duration' => 2,
                'delay' => '0.5',
                'countNum' => 1,
              ),
            ),
            'imgStyle' => 
            array (
              'width' => 320,
              'height' => 504,
              'marginTop' => '-9px',
              'marginLeft' => '0px',
            ),
            'autoPlay' => false,
          ),
        ),
      ),
      'scene' => NULL,
    ),
    2 => 
    array (
      'id' => 9960363,
      'sceneId' => 1303437,
      'num' => 3,
      'name' => '第2页',
      'properties' => 
      array (
      ),
      'elements' => 
      array (
        0 => 
        array (
          'id' => 48664410,
          'pageId' => 9960363,
          'sceneId' => 1303437,
          'StoreID' => 0,
          'num' => 0,
          'type' => '3',
          'isInput' => 0,
          'title' => '',
          'content' => '',
          'status' => 0,
          'css' => 
          array (
            'zIndex' => '3',
          ),
          'properties' => 
          array (
            'imgSrc' => 'cloudapppic/2015/5/27/6343b97221f95c42.jpg',
            'autoPlay' => false,
          ),
        ),
        1 => 
        array (
          'id' => 48664411,
          'pageId' => 9960363,
          'sceneId' => 1303437,
          'StoreID' => 0,
          'num' => 1,
          'type' => '4',
          'isInput' => 0,
          'title' => '',
          'content' => '',
          'status' => 0,
          'css' => 
          array (
            'zIndex' => '2',
            'height' => '486',
            'width' => '320',
            'left' => '0px',
            'top' => '0px',
          ),
          'properties' => 
          array (
            'height' => '486',
            'width' => '320',
            'src' => 'cloudapppic/2015/5/27/b382246caae6d297.png',
            'anim' => 
            array (
              0 => 
              array (
                'type' => 2,
                'direction' => 2,
                'duration' => 2,
                'delay' => '0.8',
                'countNum' => 1,
              ),
            ),
            'imgStyle' => 
            array (
              'width' => 320,
              'height' => 500,
              'marginTop' => '-7px',
              'marginLeft' => '0px',
            ),
            'autoPlay' => false,
          ),
        ),
        2 => 
        array (
          'id' => 48664412,
          'pageId' => 9960363,
          'sceneId' => 1303437,
          'StoreID' => 0,
          'num' => 1,
          'type' => '4',
          'isInput' => 0,
          'title' => '',
          'content' => '',
          'status' => 0,
          'css' => 
          array (
            'zIndex' => '1',
            'height' => '488',
            'width' => '320',
            'left' => '0px',
            'top' => '-2px',
          ),
          'properties' => 
          array (
            'height' => '488',
            'width' => '320',
            'src' => 'cloudapppic/2015/5/27/ec408d0d659cfcb9.png',
            'anim' => 
            array (
              0 => 
              array (
                'type' => 2,
                'direction' => 0,
                'duration' => 2,
                'delay' => '0.5',
                'countNum' => 1,
              ),
            ),
            'imgStyle' => 
            array (
              'width' => 320,
              'height' => 503,
              'marginTop' => '-8px',
              'marginLeft' => '0px',
            ),
            'autoPlay' => false,
          ),
        ),
      ),
      'scene' => NULL,
    ),
    3 => 
    array (
      'id' => 9960364,
      'sceneId' => 1303437,
      'num' => 4,
      'name' => '第2页',
      'properties' => 
      array (
      ),
      'elements' => 
      array (
        0 => 
        array (
          'id' => 48664413,
          'pageId' => 9960364,
          'sceneId' => 1303437,
          'StoreID' => 0,
          'num' => 0,
          'type' => '3',
          'isInput' => 0,
          'title' => '',
          'content' => '',
          'status' => 0,
          'css' => 
          array (
            'zIndex' => '3',
          ),
          'properties' => 
          array (
            'imgSrc' => 'cloudapppic/2015/5/27/e07918ae654189f4.jpg',
            'autoPlay' => false,
          ),
        ),
        1 => 
        array (
          'id' => 48664414,
          'pageId' => 9960364,
          'sceneId' => 1303437,
          'StoreID' => 0,
          'num' => 1,
          'type' => '4',
          'isInput' => 0,
          'title' => '',
          'content' => '',
          'status' => 0,
          'css' => 
          array (
            'zIndex' => '2',
            'height' => '487',
            'width' => '320',
            'left' => '0px',
            'top' => '-0.9895782470703125px',
          ),
          'properties' => 
          array (
            'height' => '487',
            'width' => '320',
            'src' => 'cloudapppic/2015/5/27/8861f1d4587fb089.png',
            'anim' => 
            array (
              0 => 
              array (
                'type' => 3,
                'direction' => 0,
                'duration' => 2,
                'delay' => '0.8',
                'countNum' => 1,
              ),
            ),
            'imgStyle' => 
            array (
              'width' => 320,
              'height' => 503,
              'marginTop' => '-8px',
              'marginLeft' => '0px',
            ),
            'autoPlay' => false,
          ),
        ),
        2 => 
        array (
          'id' => 48664415,
          'pageId' => 9960364,
          'sceneId' => 1303437,
          'StoreID' => 0,
          'num' => 1,
          'type' => '4',
          'isInput' => 0,
          'title' => '',
          'content' => '',
          'status' => 0,
          'css' => 
          array (
            'zIndex' => '1',
            'height' => '487',
            'width' => '320',
            'left' => '0px',
            'top' => '-0.9895782470703125px',
          ),
          'properties' => 
          array (
            'height' => '487',
            'width' => '320',
            'src' => 'cloudapppic/2015/5/27/8800702c55ebead3.png',
            'anim' => 
            array (
              0 => 
              array (
                'type' => 2,
                'direction' => 0,
                'duration' => 2,
                'delay' => '0.5',
                'countNum' => 1,
              ),
            ),
            'imgStyle' => 
            array (
              'width' => 320,
              'height' => 503,
              'marginTop' => '-8px',
              'marginLeft' => '0px',
            ),
            'autoPlay' => false,
          ),
        ),
      ),
      'scene' => NULL,
    ),
    4 => 
    array (
      'id' => 9960366,
      'sceneId' => 1303437,
      'num' => 5,
      'name' => '第5页',
      'properties' => 
      array (
      ),
      'elements' => 
      array (
        0 => 
        array (
          'id' => 48664420,
          'pageId' => 9960366,
          'sceneId' => 1303437,
          'StoreID' => 0,
          'num' => 1,
          'type' => '4',
          'isInput' => 0,
          'title' => '',
          'content' => '',
          'status' => 0,
          'css' => 
          array (
            'zIndex' => '3',
            'height' => '487',
            'width' => '320',
            'left' => '0px',
            'top' => '-0.9895782470703125px',
          ),
          'properties' => 
          array (
            'height' => '487',
            'width' => '320',
            'src' => 'cloudapppic/2015/5/27/9b3c97c1861d3ca1.png',
            'anim' => 
            array (
              0 => 
              array (
                'type' => 2,
                'direction' => 3,
                'duration' => 2,
                'delay' => '0.6',
                'countNum' => 1,
              ),
            ),
            'imgStyle' => 
            array (
              'width' => 320,
              'height' => 503,
              'marginTop' => '-8px',
              'marginLeft' => '0px',
            ),
            'autoPlay' => false,
          ),
        ),
        1 => 
        array (
          'id' => 48664421,
          'pageId' => 9960366,
          'sceneId' => 1303437,
          'StoreID' => 0,
          'num' => 1,
          'type' => '4',
          'isInput' => 0,
          'title' => '',
          'content' => '',
          'status' => 0,
          'css' => 
          array (
            'zIndex' => '2',
            'height' => '487',
            'width' => '320',
            'left' => '0px',
            'top' => '-0.9895782470703125px',
          ),
          'properties' => 
          array (
            'height' => '487',
            'width' => '320',
            'src' => 'cloudapppic/2015/5/27/7272d7a453af4039.png',
            'anim' => 
            array (
              0 => 
              array (
                'type' => 2,
                'direction' => 1,
                'duration' => 2,
                'delay' => '0.5',
                'countNum' => 1,
              ),
            ),
            'imgStyle' => 
            array (
              'width' => 320,
              'height' => 502,
              'marginTop' => '-7.5px',
              'marginLeft' => '0px',
            ),
            'autoPlay' => false,
          ),
        ),
        2 => 
        array (
          'id' => 48664422,
          'pageId' => 9960366,
          'sceneId' => 1303437,
          'StoreID' => 0,
          'num' => 0,
          'type' => '3',
          'isInput' => 0,
          'title' => '',
          'content' => '',
          'status' => 0,
          'css' => 
          array (
            'zIndex' => '1',
          ),
          'properties' => 
          array (
            'imgSrc' => 'cloudapppic/2015/5/27/9fc6457a39e5a60d.jpg',
            'autoPlay' => false,
          ),
        ),
      ),
      'scene' => NULL,
    ),
    5 => 
    array (
      'id' => 9960368,
      'sceneId' => 1303437,
      'num' => 6,
      'name' => '第6页',
      'properties' => 
      array (
      ),
      'elements' => 
      array (
        0 => 
        array (
          'id' => 48664426,
          'pageId' => 9960368,
          'sceneId' => 1303437,
          'StoreID' => 0,
          'num' => 0,
          'type' => '3',
          'isInput' => 0,
          'title' => '',
          'content' => '',
          'status' => 0,
          'css' => 
          array (
            'zIndex' => '2',
          ),
          'properties' => 
          array (
            'imgSrc' => 'cloudapppic/2015/5/27/5c590c84d1ea7e86.jpg',
            'autoPlay' => false,
          ),
        ),
        1 => 
        array (
          'id' => 48664427,
          'pageId' => 9960368,
          'sceneId' => 1303437,
          'StoreID' => 0,
          'num' => 1,
          'type' => '4',
          'isInput' => 0,
          'title' => '',
          'content' => '',
          'status' => 0,
          'css' => 
          array (
            'zIndex' => '1',
            'height' => '488',
            'width' => '320',
            'left' => '0px',
            'top' => '-1.99652099609375px',
          ),
          'properties' => 
          array (
            'height' => '488',
            'width' => '320',
            'src' => 'cloudapppic/2015/5/28/bea014b1cee8dce4.png',
            'anim' => 
            array (
              0 => 
              array (
                'type' => 3,
                'direction' => 0,
                'duration' => 2,
                'delay' => '0.3',
                'countNum' => 1,
              ),
              1 => 
              array (
                'type' => 6,
                'direction' => 0,
                'duration' => 2,
                'delay' => '0',
                'countNum' => 1,
              ),
            ),
            'imgStyle' => 
            array (
              'width' => 320,
              'height' => 504,
              'marginTop' => '-7.5px',
              'marginLeft' => '0px',
            ),
            'autoPlay' => false,
          ),
        ),
      ),
      'scene' => NULL,
    ),
    6 => 
    array (
      'id' => 9960369,
      'sceneId' => 1303437,
      'num' => 7,
      'name' => '第7页',
      'properties' => 
      array (
      ),
      'elements' => 
      array (
        0 => 
        array (
          'id' => 48664428,
          'pageId' => 9960369,
          'sceneId' => 1303437,
          'StoreID' => 0,
          'num' => 0,
          'type' => '3',
          'isInput' => 0,
          'title' => '',
          'content' => '',
          'status' => 0,
          'css' => 
          array (
            'zIndex' => '3',
          ),
          'properties' => 
          array (
            'imgSrc' => 'cloudapppic/2015/5/27/db5f891d13cbbbb9.jpg',
            'autoPlay' => false,
          ),
        ),
        1 => 
        array (
          'id' => 48664429,
          'pageId' => 9960369,
          'sceneId' => 1303437,
          'StoreID' => 0,
          'num' => 1,
          'type' => '4',
          'isInput' => 0,
          'title' => '',
          'content' => '',
          'status' => 0,
          'css' => 
          array (
            'zIndex' => '2',
            'height' => '487',
            'width' => '320',
            'left' => '0px',
            'top' => '-0.9895782470703125px',
          ),
          'properties' => 
          array (
            'height' => '487',
            'width' => '320',
            'src' => 'cloudapppic/2015/5/27/f3e27e0f09fe3c63.png',
            'anim' => 
            array (
              0 => 
              array (
                'type' => 2,
                'direction' => 1,
                'duration' => 2,
                'delay' => '0.3',
                'countNum' => 1,
              ),
            ),
            'imgStyle' => 
            array (
              'width' => 320,
              'height' => 503,
              'marginTop' => '-8px',
              'marginLeft' => '0px',
            ),
            'autoPlay' => false,
          ),
        ),
        2 => 
        array (
          'id' => 48664430,
          'pageId' => 9960369,
          'sceneId' => 1303437,
          'StoreID' => 0,
          'num' => 1,
          'type' => '4',
          'isInput' => 0,
          'title' => '',
          'content' => '',
          'status' => 0,
          'css' => 
          array (
            'zIndex' => '1',
            'height' => '486',
            'width' => '320',
            'left' => '0px',
            'top' => '0px',
          ),
          'properties' => 
          array (
            'height' => '486',
            'width' => '320',
            'src' => 'cloudapppic/2015/5/27/578f945bb4fdec9b.png',
            'anim' => 
            array (
              0 => 
              array (
                'type' => 3,
                'direction' => 0,
                'duration' => 2,
                'delay' => '0.2',
                'countNum' => 1,
              ),
            ),
            'imgStyle' => 
            array (
              'width' => 320,
              'height' => 503,
              'marginTop' => '-8.5px',
              'marginLeft' => '0px',
            ),
            'autoPlay' => false,
          ),
        ),
      ),
      'scene' => NULL,
    ),
    7 => 
    array (
      'id' => 9960365,
      'sceneId' => 1303437,
      'num' => 8,
      'name' => '第5页',
      'properties' => 
      array (
      ),
      'elements' => 
      array (
        0 => 
        array (
          'id' => 48664416,
          'pageId' => 9960365,
          'sceneId' => 1303437,
          'StoreID' => 0,
          'num' => 0,
          'type' => '3',
          'isInput' => 0,
          'title' => '',
          'content' => '',
          'status' => 0,
          'css' => 
          array (
            'zIndex' => '4',
          ),
          'properties' => 
          array (
            'imgSrc' => 'cloudapppic/2015/5/27/edda06b66c094897.jpg',
            'autoPlay' => false,
          ),
        ),
        1 => 
        array (
          'id' => 48664417,
          'pageId' => 9960365,
          'sceneId' => 1303437,
          'StoreID' => 0,
          'num' => 1,
          'type' => '4',
          'isInput' => 0,
          'title' => '',
          'content' => '',
          'status' => 0,
          'css' => 
          array (
            'zIndex' => '3',
            'height' => '487',
            'width' => '320',
            'left' => '0px',
            'top' => '-0.9895782470703125px',
          ),
          'properties' => 
          array (
            'height' => '487',
            'width' => '320',
            'src' => 'cloudapppic/2015/5/27/a1a7c58bb46d0a47.png',
            'anim' => 
            array (
              0 => 
              array (
                'type' => 2,
                'direction' => 0,
                'duration' => 2,
                'delay' => '0',
                'countNum' => 1,
              ),
            ),
            'imgStyle' => 
            array (
              'width' => 320,
              'height' => 502,
              'marginTop' => '-7.5px',
              'marginLeft' => '0px',
            ),
            'autoPlay' => false,
          ),
        ),
        2 => 
        array (
          'id' => 48664418,
          'pageId' => 9960365,
          'sceneId' => 1303437,
          'StoreID' => 0,
          'num' => 1,
          'type' => '4',
          'isInput' => 0,
          'title' => '',
          'content' => '',
          'status' => 0,
          'css' => 
          array (
            'zIndex' => '2',
            'height' => '487',
            'width' => '320',
            'left' => '0px',
            'top' => '-0.9895782470703125px',
          ),
          'properties' => 
          array (
            'height' => '487',
            'width' => '320',
            'src' => 'cloudapppic/2015/5/27/8f5eecff35ecf891.png',
            'anim' => 
            array (
              0 => 
              array (
                'type' => 3,
                'direction' => 0,
                'duration' => 2,
                'delay' => '0.6',
                'countNum' => 1,
              ),
            ),
            'imgStyle' => 
            array (
              'width' => 320,
              'height' => 504,
              'marginTop' => '-8.5px',
              'marginLeft' => '0px',
            ),
            'autoPlay' => false,
          ),
        ),
        3 => 
        array (
          'id' => 48664419,
          'pageId' => 9960365,
          'sceneId' => 1303437,
          'StoreID' => 0,
          'num' => 1,
          'type' => '4',
          'isInput' => 0,
          'title' => '',
          'content' => '',
          'status' => 0,
          'css' => 
          array (
            'zIndex' => '1',
            'height' => '487',
            'width' => '320',
            'left' => '0px',
            'top' => '-0.9895782470703125px',
          ),
          'properties' => 
          array (
            'height' => '487',
            'width' => '320',
            'src' => 'cloudapppic/2015/5/27/c07052d1a077f0fb.png',
            'anim' => 
            array (
              0 => 
              array (
                'type' => 2,
                'direction' => 2,
                'duration' => 2,
                'delay' => '0.5',
                'countNum' => 1,
              ),
            ),
            'imgStyle' => 
            array (
              'width' => 320,
              'height' => 503,
              'marginTop' => '-8px',
              'marginLeft' => '0px',
            ),
            'autoPlay' => false,
          ),
        ),
      ),
      'scene' => NULL,
    ),
    8 => 
    array (
      'id' => 9960367,
      'sceneId' => 1303437,
      'num' => 9,
      'name' => '第6页',
      'properties' => 
      array (
      ),
      'elements' => 
      array (
        0 => 
        array (
          'id' => 48664423,
          'pageId' => 9960367,
          'sceneId' => 1303437,
          'StoreID' => 0,
          'num' => 0,
          'type' => '3',
          'isInput' => 0,
          'title' => '',
          'content' => '',
          'status' => 0,
          'css' => 
          array (
            'zIndex' => '3',
          ),
          'properties' => 
          array (
            'imgSrc' => 'cloudapppic/2015/5/27/33fc061e25bb1076.jpg',
            'autoPlay' => false,
          ),
        ),
        1 => 
        array (
          'id' => 48664424,
          'pageId' => 9960367,
          'sceneId' => 1303437,
          'StoreID' => 0,
          'num' => 1,
          'type' => '4',
          'isInput' => 0,
          'title' => '',
          'content' => '',
          'status' => 0,
          'css' => 
          array (
            'zIndex' => '2',
            'height' => '486',
            'width' => '320',
            'left' => '0px',
            'top' => '0px',
          ),
          'properties' => 
          array (
            'height' => '486',
            'width' => '320',
            'src' => 'cloudapppic/2015/5/27/1a00631ea871568e.png',
            'anim' => 
            array (
              0 => 
              array (
                'type' => 3,
                'direction' => 0,
                'duration' => 2,
                'delay' => '0.6',
                'countNum' => 1,
              ),
            ),
            'imgStyle' => 
            array (
              'width' => 320,
              'height' => 503,
              'marginTop' => '-8.5px',
              'marginLeft' => '0px',
            ),
            'autoPlay' => false,
          ),
        ),
        2 => 
        array (
          'id' => 48664425,
          'pageId' => 9960367,
          'sceneId' => 1303437,
          'StoreID' => 0,
          'num' => 1,
          'type' => '4',
          'isInput' => 0,
          'title' => '',
          'content' => '',
          'status' => 0,
          'css' => 
          array (
            'zIndex' => '1',
            'height' => '487',
            'width' => '320',
            'left' => '0px',
            'top' => '-0.9895782470703125px',
          ),
          'properties' => 
          array (
            'height' => '487',
            'width' => '320',
            'src' => 'cloudapppic/2015/5/27/1cc42fc07128f52a.png',
            'anim' => 
            array (
              0 => 
              array (
                'type' => 2,
                'direction' => 0,
                'duration' => 2,
                'delay' => '0.5',
                'countNum' => 1,
              ),
            ),
            'imgStyle' => 
            array (
              'width' => 320,
              'height' => 507,
              'marginTop' => '-10px',
              'marginLeft' => '0px',
            ),
            'autoPlay' => false,
          ),
        ),
      ),
      'scene' => NULL,
    ),
  ),
)
 url:http://www.70c.com/As/getAs?sceneid=1303437&objID=&p=0&parameter=CZAZWZQ -----------

[ 2019-03-04T22:14:18+08:00 ] 127.0.0.1 /index.php?c=Cj70&a=index&cs=CZAZWZQ&scenetypeB=101&scenetypeS=20&isMusicToSys=1
ERR: 已存在的图片地址：http://res.70c.com/cloudapppic/2015/5/21/59662761a729fc28.jpg

[ 2019-03-04T22:17:57+08:00 ] 127.0.0.1 /d.js?pid=2&v=1
ERR: 无法加载控制器:D.js

[ 2019-03-04T22:17:57+08:00 ] 127.0.0.1 /r.js?pid=3&v=1
ERR: 无法加载控制器:R.js

[ 2019-03-04T22:17:58+08:00 ] 127.0.0.1 /v/
ERR: 无法加载控制器:V

[ 2019-03-04T22:18:28+08:00 ] 127.0.0.1 /v/
ERR: 无法加载控制器:V

[ 2019-03-04T22:18:28+08:00 ] 127.0.0.1 /r.js?pid=3&v=1
ERR: 无法加载控制器:R.js

[ 2019-03-04T22:18:28+08:00 ] 127.0.0.1 /d.js?pid=2&v=1
ERR: 无法加载控制器:D.js

[ 2019-03-04T22:18:28+08:00 ] 127.0.0.1 /v/
ERR: 无法加载控制器:V

[ 2019-03-04T22:18:28+08:00 ] 127.0.0.1 /v/
ERR: 无法加载控制器:V

[ 2019-03-04T22:19:33+08:00 ] 127.0.0.1 /v/
ERR: 无法加载控制器:V

[ 2019-03-04T22:19:33+08:00 ] 127.0.0.1 /d.js?pid=2&v=1
ERR: 无法加载控制器:D.js

[ 2019-03-04T22:19:33+08:00 ] 127.0.0.1 /v/
ERR: 无法加载控制器:V

[ 2019-03-04T22:19:33+08:00 ] 127.0.0.1 /r.js?pid=3&v=1
ERR: 无法加载控制器:R.js

[ 2019-03-04T22:19:33+08:00 ] 127.0.0.1 /v/
ERR: 无法加载控制器:V

[ 2019-03-04T22:19:33+08:00 ] 127.0.0.1 /v/
ERR: 无法加载控制器:V

[ 2019-03-04T22:23:58+08:00 ] 127.0.0.1 /v/
ERR: 无法加载控制器:V

[ 2019-03-04T22:23:58+08:00 ] 127.0.0.1 /v/
ERR: 无法加载控制器:V

[ 2019-03-04T22:23:58+08:00 ] 127.0.0.1 /v/
ERR: 无法加载控制器:V

[ 2019-03-04T22:23:58+08:00 ] 127.0.0.1 /v/
ERR: 无法加载控制器:V

[ 2019-03-04T22:23:58+08:00 ] 127.0.0.1 /v/
ERR: 无法加载控制器:V

[ 2019-03-04T22:24:03+08:00 ] 127.0.0.1 /v/
ERR: 无法加载控制器:V

[ 2019-03-04T22:24:03+08:00 ] 127.0.0.1 /v/
ERR: 无法加载控制器:V

[ 2019-03-04T22:24:03+08:00 ] 127.0.0.1 /v/
ERR: 无法加载控制器:V

[ 2019-03-04T22:24:03+08:00 ] 127.0.0.1 /v/
ERR: 无法加载控制器:V

[ 2019-03-04T22:24:04+08:00 ] 127.0.0.1 /v/
ERR: 无法加载控制器:V

[ 2019-03-04T22:24:06+08:00 ] 127.0.0.1 /d.js?pid=2&v=1
ERR: 无法加载控制器:D.js

[ 2019-03-04T22:24:06+08:00 ] 127.0.0.1 /r.js?pid=3&v=1
ERR: 无法加载控制器:R.js

[ 2019-03-04T22:24:09+08:00 ] 127.0.0.1 /r.js?pid=3&v=1
ERR: 无法加载控制器:R.js

[ 2019-03-04T22:24:09+08:00 ] 127.0.0.1 /d.js?pid=2&v=1
ERR: 无法加载控制器:D.js

[ 2019-03-04T22:24:14+08:00 ] 127.0.0.1 /v/
ERR: 无法加载控制器:V

[ 2019-03-04T22:24:14+08:00 ] 127.0.0.1 /v/
ERR: 无法加载控制器:V

[ 2019-03-04T22:24:14+08:00 ] 127.0.0.1 /v/
ERR: 无法加载控制器:V

[ 2019-03-04T22:24:14+08:00 ] 127.0.0.1 /v/
ERR: 无法加载控制器:V

[ 2019-03-04T22:24:14+08:00 ] 127.0.0.1 /v/
ERR: 无法加载控制器:V

[ 2019-03-04T22:24:32+08:00 ] 127.0.0.1 /v/
ERR: 无法加载控制器:V

[ 2019-03-04T22:24:32+08:00 ] 127.0.0.1 /v/
ERR: 无法加载控制器:V

[ 2019-03-04T22:24:32+08:00 ] 127.0.0.1 /v/
ERR: 无法加载控制器:V

[ 2019-03-04T22:24:32+08:00 ] 127.0.0.1 /v/
ERR: 无法加载控制器:V

[ 2019-03-04T22:24:32+08:00 ] 127.0.0.1 /v/
ERR: 无法加载控制器:V

[ 2019-03-04T22:24:32+08:00 ] 127.0.0.1 /r.js?pid=3&v=1
ERR: 无法加载控制器:R.js

[ 2019-03-04T22:24:32+08:00 ] 127.0.0.1 /d.js?pid=2&v=1
ERR: 无法加载控制器:D.js

[ 2019-03-04T22:25:04+08:00 ] 127.0.0.1 /v/
ERR: 无法加载控制器:V

[ 2019-03-04T22:25:04+08:00 ] 127.0.0.1 /v/
ERR: 无法加载控制器:V

[ 2019-03-04T22:25:04+08:00 ] 127.0.0.1 /r.js?pid=3&v=1
ERR: 无法加载控制器:R.js

[ 2019-03-04T22:25:04+08:00 ] 127.0.0.1 /v/
ERR: 无法加载控制器:V

[ 2019-03-04T22:25:05+08:00 ] 127.0.0.1 /d.js?pid=2&v=1
ERR: 无法加载控制器:D.js

[ 2019-03-04T22:25:05+08:00 ] 127.0.0.1 /v/
ERR: 无法加载控制器:V

[ 2019-03-04T22:26:26+08:00 ] 127.0.0.1 /assets/admin/logo.png
ERR: 无法加载控制器:Assets

[ 2019-03-04T22:29:25+08:00 ] 127.0.0.1 /%7B%7BlogoSrc%7D%7D
ERR: 无法加载控制器:{{logoSrc}}

[ 2019-03-04T22:29:25+08:00 ] 127.0.0.1 /%7B%7BPREFIX_FILE_HOST%20+%20home.image.imgSrc%7D%7D
ERR: 无法加载控制器:{{PREFIX_FILE_HOST + home.image.imgSrc}}

[ 2019-03-04T22:29:25+08:00 ] 127.0.0.1 /Uploads/
ERR: 无法加载控制器:403

[ 2019-03-04T22:29:45+08:00 ] 127.0.0.1 /%7B%7Bavatar%7D%7D
ERR: 无法加载控制器:{{avatar}}

[ 2019-03-04T22:29:45+08:00 ] 127.0.0.1 /%7B%7BfileDomain%20+%20exemplar.cover%7D%7D
ERR: 无法加载控制器:{{fileDomain + exemplar.cover}}

[ 2019-03-04T22:33:29+08:00 ] 127.0.0.1 /m/scene/tpl/scene/recommendTag/list?time=1551710009275
ERR: 无法加载控制器:M

[ 2019-03-04T22:33:29+08:00 ] 127.0.0.1 /%7B%7Bavatar%7D%7D
ERR: 无法加载控制器:{{avatar}}

[ 2019-03-04T22:33:29+08:00 ] 127.0.0.1 /%7B%7BfileDomain%20+%20exemplar.cover%7D%7D
ERR: 无法加载控制器:{{fileDomain + exemplar.cover}}

[ 2019-03-04T22:33:36+08:00 ] 127.0.0.1 /Uploads/
ERR: 无法加载控制器:403

[ 2019-03-04T22:33:36+08:00 ] 127.0.0.1 /assets/images/create/recent.svg
ERR: 无法加载控制器:Assets

[ 2019-03-04T22:33:58+08:00 ] 127.0.0.1 /%7B%7BfileDomain%20+%20exemplar.cover%7D%7D
ERR: 无法加载控制器:{{fileDomain + exemplar.cover}}

[ 2019-03-04T22:33:58+08:00 ] 127.0.0.1 /%7B%7Bavatar%7D%7D
ERR: 无法加载控制器:{{avatar}}

[ 2019-03-04T22:33:58+08:00 ] 127.0.0.1 /m/scene/tpl/scene/recommendTag/list?time=1551710038466
ERR: 无法加载控制器:M

[ 2019-03-04T22:34:38+08:00 ] 127.0.0.1 /Uploads/
ERR: 无法加载控制器:403

[ 2019-03-04T22:34:38+08:00 ] 127.0.0.1 /Uploads/
ERR: 无法加载控制器:403

[ 2019-03-04T22:34:42+08:00 ] 127.0.0.1 /%7B%7BfileDomain%20+%20exemplar.cover%7D%7D
ERR: 无法加载控制器:{{fileDomain + exemplar.cover}}

[ 2019-03-04T22:34:42+08:00 ] 127.0.0.1 /%7B%7Bavatar%7D%7D
ERR: 无法加载控制器:{{avatar}}

[ 2019-03-04T22:34:42+08:00 ] 127.0.0.1 /Uploads/
ERR: 无法加载控制器:403

[ 2019-03-04T22:39:33+08:00 ] 127.0.0.1 /favicon.ico
ERR: 无法加载控制器:Favicon.ico

[ 2019-03-04T22:40:03+08:00 ] 127.0.0.1 /favicon.ico
ERR: 无法加载控制器:Favicon.ico

[ 2019-03-04T22:41:05+08:00 ] 127.0.0.1 /%7B%7Bad.path%7D%7D
ERR: 无法加载控制器:{{ad.path}}

[ 2019-03-04T22:41:05+08:00 ] 127.0.0.1 /Uploads/
ERR: 无法加载控制器:403

[ 2019-03-04T22:41:39+08:00 ] 127.0.0.1 /Uploads/syspic/picnew/yq0KZVaAl_6AHonzAACj_Gxyhck427.png
ERR: 无法加载控制器:Uploads

[ 2019-03-04T22:41:39+08:00 ] 127.0.0.1 /Uploads/syspic/picnew/yq0KZVaAl_6AQvHNAAA1NNPSzQ0096.png
ERR: 无法加载控制器:Uploads

[ 2019-03-04T22:41:39+08:00 ] 127.0.0.1 /Uploads/syspic/picnew/yq0KZVaAmAKAIUOYAAApbd4VL2U886.png
ERR: 无法加载控制器:Uploads

[ 2019-03-04T22:41:39+08:00 ] 127.0.0.1 /Uploads/syspic/picnew/yq0KXVZrrveAT_axAAB-ZcWTRpk295.png
ERR: 无法加载控制器:Uploads

[ 2019-03-04T22:41:39+08:00 ] 127.0.0.1 /Uploads/syspic/picnew/yq0KXFajKYmAW0I3AACr_fMU-0Q452.png
ERR: 无法加载控制器:Uploads

[ 2019-03-04T22:41:39+08:00 ] 127.0.0.1 /Uploads/syspic/picnew/yq0KZVaAl_6ABINAAACO3QgazF0414.png
ERR: 无法加载控制器:Uploads

[ 2019-03-04T22:41:39+08:00 ] 127.0.0.1 /Uploads/syspic/picnew/yq0KXVajKI-AT3kPAACbZEVWsbo560.png
ERR: 无法加载控制器:Uploads

[ 2019-03-04T22:41:39+08:00 ] 127.0.0.1 /Uploads/syspic/picnew/yq0KXFajKYiAeXXZAACn2plhGDo092.png
ERR: 无法加载控制器:Uploads

[ 2019-03-04T22:41:39+08:00 ] 127.0.0.1 /Uploads/syspic/picnew/yq0KXVajKI-AdBSTAACWt3AaVCo806.png
ERR: 无法加载控制器:Uploads

[ 2019-03-04T22:41:39+08:00 ] 127.0.0.1 /Uploads/syspic/picnew/yq0KZVaB7MSAV3oRAABe5vaBtHA560.png
ERR: 无法加载控制器:Uploads

[ 2019-03-04T22:41:39+08:00 ] 127.0.0.1 /Uploads/syspic/picnew/yq0KZFaB7M2Ad1VxAABtQpDKCvc382.png
ERR: 无法加载控制器:Uploads

[ 2019-03-04T22:41:39+08:00 ] 127.0.0.1 /Uploads/syspic/picnew/yq0KXVajKJCAAbwaAACRop7XVEY304.png
ERR: 无法加载控制器:Uploads

[ 2019-03-04T22:41:39+08:00 ] 127.0.0.1 /Uploads/syspic/picnew/yq0KZVaAmACAFK2PAACOI8xJ1ac314.png
ERR: 无法加载控制器:Uploads

[ 2019-03-04T22:41:39+08:00 ] 127.0.0.1 /Uploads/syspic/picnew/yq0KXFajKYeAbTcJAACPMPhTHQs887.png
ERR: 无法加载控制器:Uploads

[ 2019-03-04T22:41:39+08:00 ] 127.0.0.1 /Uploads/syspic/picnew/yq0KZVaAmASAYy7KAABHRWurHps103.png
ERR: 无法加载控制器:Uploads

[ 2019-03-04T22:41:39+08:00 ] 127.0.0.1 /Uploads/syspic/picnew/yq0KZFaB7NSASZvkAABGSFM7q6E579.png
ERR: 无法加载控制器:Uploads

[ 2019-03-04T22:41:39+08:00 ] 127.0.0.1 /Uploads/syspic/picnew/yq0KZVaAmAOALwiRAAAk52B5O10579.png
ERR: 无法加载控制器:Uploads

[ 2019-03-04T22:41:39+08:00 ] 127.0.0.1 /Uploads/syspic/picnew/yq0KZVaB7MCANI6WAABA9ux0AvU766.png
ERR: 无法加载控制器:Uploads

[ 2019-03-04T22:41:40+08:00 ] 127.0.0.1 /Uploads/syspic/mp3/%E7%BE%A4%E6%98%9F%20-%20%E5%96%9C%E4%BA%8B%E9%BD%90%E6%9D%A5.mp3
ERR: 无法加载控制器:Uploads

